  imgui.cpp
  imgui_demo.cpp
  imgui_draw.cpp
  imgui_impl_glfw.cpp
  imgui_impl_opengl3.cpp
  imgui_impl_win32.cpp
  imgui_tables.cpp
  imgui_widgets.cpp
  AudioManager.cpp
  Camara.cpp
  Collider.cpp
  EBO.cpp
  Main.cpp
  Mesh.cpp
C:\Users\Moises\source\repos\Wirtbillirt\Volcanica\Modelos\Mesh.cpp(78,43): warning C4267: 'argumento': conversión de 'size_t' a 'GLsizei'; posible pérdida de datos
  Model.cpp
C:\Users\Moises\source\repos\Wirtbillirt\Volcanica\Modelos\Model.cpp(302,91): warning C4267: 'argumento': conversión de 'size_t' a 'GLuint'; posible pérdida de datos
C:\Users\Moises\source\repos\Wirtbillirt\Volcanica\Modelos\Model.cpp(310,93): warning C4267: 'argumento': conversión de 'size_t' a 'GLuint'; posible pérdida de datos
  PantallaInicio.cpp
  SeleccionVolcan.cpp
  shaderClass.cpp
  Skybox.cpp
  stb.cpp
  Generando código...
  Compilando...
  Texture.cpp
  VAO.cpp
C:\Users\Moises\source\repos\Wirtbillirt\Volcanica\Modelos\VAO.cpp(13,63): warning C4244: 'argumento': conversión de 'GLsizeiptr' a 'GLsizei'; posible pérdida de datos
  VBO.cpp
  Volcan.cpp
  WavLoader.cpp
  Generando código...
  glad.c
glfw3.lib(init.obj) : warning LNK4099: no se encontró PDB '' con 'glfw3.lib(init.obj)' o en ''; se vinculará el objeto sin tener en cuenta información de depuración
glfw3.lib(monitor.obj) : warning LNK4099: no se encontró PDB '' con 'glfw3.lib(monitor.obj)' o en ''; se vinculará el objeto sin tener en cuenta información de depuración
glfw3.lib(window.obj) : warning LNK4099: no se encontró PDB '' con 'glfw3.lib(window.obj)' o en ''; se vinculará el objeto sin tener en cuenta información de depuración
glfw3.lib(input.obj) : warning LNK4099: no se encontró PDB '' con 'glfw3.lib(input.obj)' o en ''; se vinculará el objeto sin tener en cuenta información de depuración
glfw3.lib(win32_window.obj) : warning LNK4099: no se encontró PDB '' con 'glfw3.lib(win32_window.obj)' o en ''; se vinculará el objeto sin tener en cuenta información de depuración
glfw3.lib(context.obj) : warning LNK4099: no se encontró PDB '' con 'glfw3.lib(context.obj)' o en ''; se vinculará el objeto sin tener en cuenta información de depuración
glfw3.lib(win32_time.obj) : warning LNK4099: no se encontró PDB '' con 'glfw3.lib(win32_time.obj)' o en ''; se vinculará el objeto sin tener en cuenta información de depuración
glfw3.lib(win32_thread.obj) : warning LNK4099: no se encontró PDB '' con 'glfw3.lib(win32_thread.obj)' o en ''; se vinculará el objeto sin tener en cuenta información de depuración
glfw3.lib(platform.obj) : warning LNK4099: no se encontró PDB '' con 'glfw3.lib(platform.obj)' o en ''; se vinculará el objeto sin tener en cuenta información de depuración
glfw3.lib(vulkan.obj) : warning LNK4099: no se encontró PDB '' con 'glfw3.lib(vulkan.obj)' o en ''; se vinculará el objeto sin tener en cuenta información de depuración
glfw3.lib(win32_init.obj) : warning LNK4099: no se encontró PDB '' con 'glfw3.lib(win32_init.obj)' o en ''; se vinculará el objeto sin tener en cuenta información de depuración
glfw3.lib(win32_monitor.obj) : warning LNK4099: no se encontró PDB '' con 'glfw3.lib(win32_monitor.obj)' o en ''; se vinculará el objeto sin tener en cuenta información de depuración
glfw3.lib(wgl_context.obj) : warning LNK4099: no se encontró PDB '' con 'glfw3.lib(wgl_context.obj)' o en ''; se vinculará el objeto sin tener en cuenta información de depuración
glfw3.lib(egl_context.obj) : warning LNK4099: no se encontró PDB '' con 'glfw3.lib(egl_context.obj)' o en ''; se vinculará el objeto sin tener en cuenta información de depuración
glfw3.lib(osmesa_context.obj) : warning LNK4099: no se encontró PDB '' con 'glfw3.lib(osmesa_context.obj)' o en ''; se vinculará el objeto sin tener en cuenta información de depuración
glfw3.lib(null_init.obj) : warning LNK4099: no se encontró PDB '' con 'glfw3.lib(null_init.obj)' o en ''; se vinculará el objeto sin tener en cuenta información de depuración
glfw3.lib(win32_module.obj) : warning LNK4099: no se encontró PDB '' con 'glfw3.lib(win32_module.obj)' o en ''; se vinculará el objeto sin tener en cuenta información de depuración
glfw3.lib(win32_joystick.obj) : warning LNK4099: no se encontró PDB '' con 'glfw3.lib(win32_joystick.obj)' o en ''; se vinculará el objeto sin tener en cuenta información de depuración
glfw3.lib(null_monitor.obj) : warning LNK4099: no se encontró PDB '' con 'glfw3.lib(null_monitor.obj)' o en ''; se vinculará el objeto sin tener en cuenta información de depuración
glfw3.lib(null_window.obj) : warning LNK4099: no se encontró PDB '' con 'glfw3.lib(null_window.obj)' o en ''; se vinculará el objeto sin tener en cuenta información de depuración
glfw3.lib(null_joystick.obj) : warning LNK4099: no se encontró PDB '' con 'glfw3.lib(null_joystick.obj)' o en ''; se vinculará el objeto sin tener en cuenta información de depuración
  Modelos.vcxproj -> C:\Users\Moises\Source\Repos\Wirtbillirt\Volcanica\x64\Debug\Modelos.exe
