c:\users\bdown\desktop\trabajos en cm\volcanica-main\modelos\x64\debug\vc143.pdb
c:\users\bdown\desktop\trabajos en cm\volcanica-main\modelos\x64\debug\vc143.idb
c:\users\bdown\desktop\trabajos en cm\volcanica-main\modelos\x64\debug\vbo.obj
c:\users\bdown\desktop\trabajos en cm\volcanica-main\modelos\x64\debug\vao.obj
c:\users\bdown\desktop\trabajos en cm\volcanica-main\modelos\x64\debug\shaderclass.obj
c:\users\bdown\desktop\trabajos en cm\volcanica-main\modelos\x64\debug\seleccionvolcan.obj
c:\users\bdown\desktop\trabajos en cm\volcanica-main\modelos\x64\debug\pantallainicio.obj
c:\users\bdown\desktop\trabajos en cm\volcanica-main\modelos\x64\debug\main.obj
c:\users\bdown\desktop\trabajos en cm\volcanica-main\modelos\x64\debug\ebo.obj
c:\users\bdown\desktop\trabajos en cm\volcanica-main\modelos\x64\debug\camara.obj
c:\users\bdown\desktop\trabajos en cm\volcanica-main\modelos\x64\debug\imgui_widgets.obj
c:\users\bdown\desktop\trabajos en cm\volcanica-main\modelos\x64\debug\imgui_tables.obj
c:\users\bdown\desktop\trabajos en cm\volcanica-main\modelos\x64\debug\imgui_impl_win32.obj
c:\users\bdown\desktop\trabajos en cm\volcanica-main\modelos\x64\debug\imgui_impl_glfw.obj
c:\users\bdown\desktop\trabajos en cm\volcanica-main\modelos\x64\debug\imgui_draw.obj
c:\users\bdown\desktop\trabajos en cm\volcanica-main\modelos\x64\debug\imgui_demo.obj
c:\users\bdown\desktop\trabajos en cm\volcanica-main\modelos\x64\debug\imgui.obj
c:\users\bdown\desktop\trabajos en cm\volcanica-main\modelos\x64\debug\texture.obj
c:\users\bdown\desktop\trabajos en cm\volcanica-main\modelos\x64\debug\stb.obj
c:\users\bdown\desktop\trabajos en cm\volcanica-main\modelos\x64\debug\model.obj
c:\users\bdown\desktop\trabajos en cm\volcanica-main\modelos\x64\debug\mesh.obj
c:\users\bdown\desktop\trabajos en cm\volcanica-main\modelos\x64\debug\imgui_impl_opengl3.obj
c:\users\bdown\desktop\trabajos en cm\volcanica-main\modelos\x64\debug\glad.obj
c:\users\bdown\desktop\trabajos en cm\volcanica-main\modelos\x64\debug\volcan.obj
c:\users\bdown\desktop\trabajos en cm\volcanica-main\modelos\x64\debug\wavloader.obj
c:\users\bdown\desktop\trabajos en cm\volcanica-main\modelos\x64\debug\audiomanager.obj
c:\users\bdown\desktop\trabajos en cm\volcanica-main\x64\debug\modelos.exe
c:\users\bdown\desktop\trabajos en cm\volcanica-main\x64\debug\modelos.pdb
c:\users\bdown\desktop\trabajos en cm\volcanica-main\modelos\x64\debug\modelos.ilk
c:\users\bdown\desktop\trabajos en cm\volcanica-main\modelos\x64\debug\modelos.tlog\cl.command.1.tlog
c:\users\bdown\desktop\trabajos en cm\volcanica-main\modelos\x64\debug\modelos.tlog\cl.items.tlog
c:\users\bdown\desktop\trabajos en cm\volcanica-main\modelos\x64\debug\modelos.tlog\cl.read.1.tlog
c:\users\bdown\desktop\trabajos en cm\volcanica-main\modelos\x64\debug\modelos.tlog\cl.write.1.tlog
c:\users\bdown\desktop\trabajos en cm\volcanica-main\modelos\x64\debug\modelos.tlog\link-cvtres.read.1.tlog
c:\users\bdown\desktop\trabajos en cm\volcanica-main\modelos\x64\debug\modelos.tlog\link-cvtres.write.1.tlog
c:\users\bdown\desktop\trabajos en cm\volcanica-main\modelos\x64\debug\modelos.tlog\link-rc.read.1.tlog
c:\users\bdown\desktop\trabajos en cm\volcanica-main\modelos\x64\debug\modelos.tlog\link-rc.write.1.tlog
c:\users\bdown\desktop\trabajos en cm\volcanica-main\modelos\x64\debug\modelos.tlog\link.3916-cvtres.read.1.tlog
c:\users\bdown\desktop\trabajos en cm\volcanica-main\modelos\x64\debug\modelos.tlog\link.3916-cvtres.write.1.tlog
c:\users\bdown\desktop\trabajos en cm\volcanica-main\modelos\x64\debug\modelos.tlog\link.3916-rc.read.1.tlog
c:\users\bdown\desktop\trabajos en cm\volcanica-main\modelos\x64\debug\modelos.tlog\link.3916-rc.write.1.tlog
c:\users\bdown\desktop\trabajos en cm\volcanica-main\modelos\x64\debug\modelos.tlog\link.3916.read.1.tlog
c:\users\bdown\desktop\trabajos en cm\volcanica-main\modelos\x64\debug\modelos.tlog\link.3916.read.2.tlog
c:\users\bdown\desktop\trabajos en cm\volcanica-main\modelos\x64\debug\modelos.tlog\link.3916.write.1.tlog
c:\users\bdown\desktop\trabajos en cm\volcanica-main\modelos\x64\debug\modelos.tlog\link.command.1.tlog
c:\users\bdown\desktop\trabajos en cm\volcanica-main\modelos\x64\debug\modelos.tlog\link.read.1.tlog
c:\users\bdown\desktop\trabajos en cm\volcanica-main\modelos\x64\debug\modelos.tlog\link.read.2.tlog
c:\users\bdown\desktop\trabajos en cm\volcanica-main\modelos\x64\debug\modelos.tlog\link.secondary.1.tlog
c:\users\bdown\desktop\trabajos en cm\volcanica-main\modelos\x64\debug\modelos.tlog\link.write.1.tlog
